<?xml version="1.0" encoding="UTF-8"?>
<testng-results skipped="0" failed="0" ignored="0" total="1" passed="1">
  <reporter-output>
  </reporter-output>
  <suite name="TestA" duration-ms="17801" started-at="2020-01-24T04:16:50Z" finished-at="2020-01-24T04:17:07Z">
    <groups>
    </groups>
    <test name="A" duration-ms="17801" started-at="2020-01-24T04:16:50Z" finished-at="2020-01-24T04:17:07Z">
      <class name="com.IntegrationTests.IntegrationTestsCommentsValidations">
        <test-method status="PASS" signature="testValidateCommentsEmailByUserName(com.data.yaml.YamlTestDataForUsersAPI)[pri:0, instance:com.IntegrationTests.IntegrationTestsCommentsValidations@48cd319d]" name="testValidateCommentsEmailByUserName" duration-ms="17527" started-at="2020-01-24T04:16:50Z" data-provider="common_test_data_provider" finished-at="2020-01-24T04:17:07Z">
          <params>
            <param index="0">
              <value>
                <![CDATA[YamlTestDataForAPI2 [user=Samantha]]]>
              </value>
            </param>
          </params>
          <reporter-output>
          </reporter-output>
        </test-method> <!-- testValidateCommentsEmailByUserName -->
      </class> <!-- com.IntegrationTests.IntegrationTestsCommentsValidations -->
    </test> <!-- A -->
  </suite> <!-- TestA -->
</testng-results>
